{"buffer":{"data":[105,148,121,113,109,132,85,139,46,182,40,169],"type":"Buffer"},"level":"warn","message":"user saved successfully","service":"indentity-service","timestamp":"2026-02-17T14:21:37.776Z"}
{"level":"info","message":"indentity service running on port 3001","service":"indentity-service","timestamp":"2026-02-17T14:22:39.983Z"}
{"level":"info","message":"db connected success","service":"indentity-service","timestamp":"2026-02-17T14:22:40.005Z"}
{"level":"info","message":"indentity service running on port 3001","service":"indentity-service","timestamp":"2026-02-18T01:39:53.547Z"}
{"level":"info","message":"db connected success","service":"indentity-service","timestamp":"2026-02-18T01:39:53.575Z"}
{"level":"info","message":"indentity service running on port 3001","service":"indentity-service","timestamp":"2026-02-18T02:21:23.685Z"}
{"level":"info","message":"db connected success","service":"indentity-service","timestamp":"2026-02-18T02:21:23.713Z"}
{"level":"info","message":"Recived POST request tp /api/auth/register","service":"indentity-service","timestamp":"2026-02-18T02:28:12.546Z"}
{"level":"info","message":"Request body [object Object]","service":"indentity-service","timestamp":"2026-02-18T02:28:12.548Z"}
{"level":"info","message":"Register endpoint hit....","service":"indentity-service","timestamp":"2026-02-18T02:28:12.574Z"}
{"buffer":{"data":[105,149,35,188,243,18,188,206,246,115,61,140],"type":"Buffer"},"level":"warn","message":"user saved successfully","service":"indentity-service","timestamp":"2026-02-18T02:28:12.691Z"}
{"level":"info","message":"indentity service running on port 3001","service":"indentity-service","timestamp":"2026-02-18T02:40:00.917Z"}
{"level":"info","message":"db connected success","service":"indentity-service","timestamp":"2026-02-18T02:40:00.942Z"}
{"level":"info","message":"Recived POST request tp /api/auth/login","service":"indentity-service","timestamp":"2026-02-18T02:40:43.752Z"}
{"level":"info","message":"Request body [object Object]","service":"indentity-service","timestamp":"2026-02-18T02:40:43.753Z"}
{"level":"info","message":"Loggin endpoint hit...","service":"indentity-service","timestamp":"2026-02-18T02:40:43.758Z"}
{"level":"info","message":"indentity service running on port 3001","service":"indentity-service","timestamp":"2026-02-18T02:43:33.574Z"}
{"level":"info","message":"db connected success","service":"indentity-service","timestamp":"2026-02-18T02:43:33.593Z"}
{"level":"info","message":"indentity service running on port 3001","service":"indentity-service","timestamp":"2026-02-18T02:43:44.749Z"}
{"level":"info","message":"db connected success","service":"indentity-service","timestamp":"2026-02-18T02:43:44.770Z"}
{"level":"info","message":"indentity service running on port 3001","service":"indentity-service","timestamp":"2026-02-18T02:43:46.357Z"}
{"level":"info","message":"db connected success","service":"indentity-service","timestamp":"2026-02-18T02:43:46.386Z"}
{"level":"info","message":"indentity service running on port 3001","service":"indentity-service","timestamp":"2026-02-18T02:44:54.836Z"}
{"level":"info","message":"db connected success","service":"indentity-service","timestamp":"2026-02-18T02:44:54.858Z"}
{"level":"info","message":"indentity service running on port 3001","service":"indentity-service","timestamp":"2026-02-18T02:46:01.007Z"}
{"level":"info","message":"db connected success","service":"indentity-service","timestamp":"2026-02-18T02:46:01.035Z"}
{"level":"info","message":"indentity service running on port 3001","service":"indentity-service","timestamp":"2026-02-18T02:47:28.157Z"}
{"level":"info","message":"db connected success","service":"indentity-service","timestamp":"2026-02-18T02:47:28.178Z"}
